<?xml version="1.0" encoding="UTF-8"?>
<!-- Generated by org.testng.reporters.JUnitReportReporter -->
<testsuite hostname="LAPTOP-D011BI9Q" failures="0" tests="1" name="com.hrms.testscripts.TC001" time="17.294" errors="0" timestamp="2023-11-09T12:30:34 IST" skipped="0">
  <testcase classname="com.hrms.testscripts.TC001" name="tc001" time="17.294">
    <system-out>
      <![CDATA[Application opened]]>
    </system-out>
  </testcase> <!-- tc001 -->
  <system-out>
    <![CDATA[Application opened
Application opened]]>
  </system-out>
</testsuite> <!-- com.hrms.testscripts.TC001 -->
